Charlie Liu  2274468 CPSC350-02
Sum: 1
Mean: 0.5
Variance: 618.5
Standard Deviation: 24.8697
Probability of A = 1
Probability of C = 0
Probability of T = 0
Probability of G = 0
Probability of AA = -nan
Probability of AC = -nan
Probability of AT = -nan
Probability of AG = -nan
Probability of CA = -nan
Probability of CC = -nan
Probability of CT = -nan
Probability of CG = -nan
Probability of TA = -nan
Probability of TC = -nan
Probability of TT = -nan
Probability of TG = -nan
Probability of GA = -nan
Probability of GC = -nan
Probability of GT = -nan
Probability of GG = -nan

A



A

AAA







AAA
AAA



A

AAAAA


AA
AA
AAA

AAAA
A

AA

A
AAAAA





AAAAAA


A
A

AA
A

A





A
A
A


AA
AAAA
A
A
AAAAAAAA


A





AAA


AAAA

A
AA
A

A

AA
AA



A




A










AAA
A
AAA

AAA

A
AA
A
A


A
A
A
A

A
A
A

AAA
AA
A



AA

AAAAAA
A

A
AAAA
AA
AAAAA

A
A
AAAAA

A
A
A




AA

AA
A
A


AA

A
A
AAA
AA



A
A

A
A
A
AAAA



A
AA



AAA
A
AAA

AAA

A

A
A

AA
A


AA

AAA
A
A



A
A

AA

A


AA

AAAAA
AAA
AAAAA
AA


AA

AA
A
AA
AA
A




A
A
AA
A

AA
AAA



A

AA
A
A
AAA
A
AA
AAA
AAA




AA
AAAAA

A
AA
AAA
A
A


AAAA

A
A
A

A



AAA
AA

A

A
A

A
AA

A




AA


AAAA
A



A
A


AAA





AAAAA

A



AAA
AA
AA

A


A
A
A
AAAA
A

A



AAAAAAA

AAAAAAA
AAAAA

A
AA
AAAA

A
AAA


AAAAAAAAA
A
A
A
A

A
A
AA
A


AA


A

A
A
AAAAAA
A
A
A

AAAAA




AA
AAAAA



A
AAAAA
AAA
AAAAAA

AA
A
AAA



AA



AA
A
AAA
A

AA


AAAA
A
AAA
AA
A
AAA





A


AAA

A






A



AA


AAA


AA
AA

A

A
A
AA

A
A

A

AAA
A


AAA
AAA

A


AAAA

A







A



AA

A
A

AA

AA
AAA

AA
AA




A

AA



A
A
A

AA
A


AAAAA
A
A
A


AAAAAAAAAA
AAA


AA

A
A
A
AAAA
A

A

AAAAA
A

AA

AA


AAA

AAAA
A
A


AAAAA

AA
AAA




AA

A
AA
A
AA
A





AA
AAAA
A
A
A
A
AAA
A



A

A

AA
A


A

A

AA


A

AA

AAA
AAA


A






A





A

A

A
AA
A
A

AAA
AAA
AAAAAA

A

A

AAAA
AA
AA



AAA


AAA

AAAA
A

AAA
AAA







A
AAAA



A

A
A
AA



AAAAA

AA
A






AA
A


AA

A
A
A

AAAA
A

AA

A
A
AA
AAA
AA


A
AAAA





AA
A
AA


AAA
AA
AAA
A
A
A
A

A
A
A
AA
A
AA


A

A
A






A


AA
AA
A

AA
AAA

A

AAAA


AAA
AA
A


A
AAAAA

A
AAAA
A
AA
A


A

A
A

A
A

A

AA
A
A


A

AAA

AAA
AAA


AA

A
AAA


A

A

A

AA


A

A

A
A
A
AAA




AA
A







A
A

A



A
AA

A



A
A
AA
AA


AAA




AA
A
AA

A
AAAA




A

AAA
A

A


A

A
AAAAA



A




AA


AAA

A



A
AAA
AA


A




AA


AA
A

A


A



A

AA

A
A
A

AA
A
AA

AA
AA
AA
AA

A

AAAA


AAA
A
A
A


AAAAA
AA
A


AA



AAAA


AAAAA
A

A


A
A

AA
AA

AAA



AA
AAAAA



AA
AAAAAA
A
A



A

A
AA
A
AAA


AAA





A

AAAAA
AA



AAAAA


